  Arco.cpp
  Generating Code...
  Compiling...
  gerenciaAnim.cpp
  Source.cpp
  Rede.cpp
  Projetil.cpp
  Plataforma.cpp
  Personagem.cpp
  Obstaculo.cpp
  Mosqueteiro.cpp
  Mosquete.cpp
  Mapa.cpp
  ListaProjeteis.cpp
  ListaPlataformas.cpp
  ListaObstaculos.cpp
  ListaInimigos.cpp
  ListaFases.cpp
  ListaEntidades.cpp
  Lanca.cpp
  Jogo.cpp
  Jogador.cpp
  Inimigo.cpp
  Generating Code...
  Compiling...
  Fase2.cpp
  Fase1.cpp
  Fase.cpp
  Espinho.cpp
  Espadachim.cpp
  Espada.cpp
  Entidade.cpp
  Corda.cpp
  Cavaleiro.cpp
  Armadilha.cpp
  Arma.cpp
  Generating Code...
  BRAS_INDIG.vcxproj -> F:\Projects\BRAS_INDIG\Debug\BRAS_INDIG.exe
