f:\projects\bras_indig\bras_indig\debug\vc141.pdb
f:\projects\bras_indig\bras_indig\debug\vc141.idb
f:\projects\bras_indig\bras_indig\debug\gerenciaanim.obj
f:\projects\bras_indig\bras_indig\debug\gerenciadorbotoes.obj
f:\projects\bras_indig\bras_indig\debug\inimigo.obj
f:\projects\bras_indig\bras_indig\debug\jogador.obj
f:\projects\bras_indig\bras_indig\debug\jogo.obj
f:\projects\bras_indig\bras_indig\debug\lanca.obj
f:\projects\bras_indig\bras_indig\debug\listaanimacao.obj
f:\projects\bras_indig\bras_indig\debug\listafases.obj
f:\projects\bras_indig\bras_indig\debug\mapa.obj
f:\projects\bras_indig\bras_indig\debug\menu.obj
f:\projects\bras_indig\bras_indig\debug\menupause.obj
f:\projects\bras_indig\bras_indig\debug\menuprincipal.obj
f:\projects\bras_indig\bras_indig\debug\mosquete.obj
f:\projects\bras_indig\bras_indig\debug\mosqueteiro.obj
f:\projects\bras_indig\bras_indig\debug\obstaculo.obj
f:\projects\bras_indig\bras_indig\debug\personagem.obj
f:\projects\bras_indig\bras_indig\debug\plataforma.obj
f:\projects\bras_indig\bras_indig\debug\projetil.obj
f:\projects\bras_indig\bras_indig\debug\rede.obj
f:\projects\bras_indig\bras_indig\debug\source.obj
f:\projects\bras_indig\bras_indig\debug\animacao.obj
f:\projects\bras_indig\bras_indig\debug\arco.obj
f:\projects\bras_indig\bras_indig\debug\arma.obj
f:\projects\bras_indig\bras_indig\debug\armadilha.obj
f:\projects\bras_indig\bras_indig\debug\botao.obj
f:\projects\bras_indig\bras_indig\debug\chefaocapitao.obj
f:\projects\bras_indig\bras_indig\debug\corda.obj
f:\projects\bras_indig\bras_indig\debug\entidade.obj
f:\projects\bras_indig\bras_indig\debug\espada.obj
f:\projects\bras_indig\bras_indig\debug\espadachim.obj
f:\projects\bras_indig\bras_indig\debug\espadachimcavaleiro.obj
f:\projects\bras_indig\bras_indig\debug\espinho.obj
f:\projects\bras_indig\bras_indig\debug\fase.obj
f:\projects\bras_indig\bras_indig\debug\fase1.obj
f:\projects\bras_indig\bras_indig\debug\fase2.obj
f:\projects\bras_indig\bras_indig\debug\fasefinal.obj
f:\projects\bras_indig\bras_indig\debug\listaentidades.obj
f:\projects\bras_indig\bras_indig\debug\listainimigos.obj
f:\projects\bras_indig\bras_indig\debug\listaobstaculos.obj
f:\projects\bras_indig\bras_indig\debug\listaprojeteis.obj
f:\projects\bras_indig\bras_indig\debug\listaplataformas.obj
f:\projects\bras_indig\debug\bras_indig.exe
f:\projects\bras_indig\debug\bras_indig.ilk
f:\projects\bras_indig\debug\bras_indig.pdb
f:\projects\bras_indig\bras_indig\debug\bras_indig.res
f:\projects\bras_indig\bras_indig\debug\corda.obj.enc
f:\projects\bras_indig\bras_indig\debug\entidade.obj.enc
f:\projects\bras_indig\bras_indig\debug\gerenciaanim.obj.enc
f:\projects\bras_indig\bras_indig\debug\mapa.obj.enc
f:\projects\bras_indig\bras_indig\debug\rede.obj.enc
f:\projects\bras_indig\bras_indig\debug\bras_indig.tlog\cl.command.1.tlog
f:\projects\bras_indig\bras_indig\debug\bras_indig.tlog\cl.read.1.tlog
f:\projects\bras_indig\bras_indig\debug\bras_indig.tlog\cl.write.1.tlog
f:\projects\bras_indig\bras_indig\debug\bras_indig.tlog\link.command.1.tlog
f:\projects\bras_indig\bras_indig\debug\bras_indig.tlog\link.read.1.tlog
f:\projects\bras_indig\bras_indig\debug\bras_indig.tlog\link.write.1.tlog
f:\projects\bras_indig\bras_indig\debug\bras_indig.tlog\rc.command.1.tlog
f:\projects\bras_indig\bras_indig\debug\bras_indig.tlog\rc.read.1.tlog
f:\projects\bras_indig\bras_indig\debug\bras_indig.tlog\rc.write.1.tlog
