  Animacao.cpp
  Arco.cpp
  Arma.cpp
  Armadilha.cpp
  Botao.cpp
  ChefaoCapitao.cpp
  Corda.cpp
  Entidade.cpp
  Espada.cpp
  Espadachim.cpp
  EspadachimCavaleiro.cpp
  Espinho.cpp
  Fase.cpp
  Fase1.cpp
  Fase2.cpp
  FaseFinal.cpp
  gerenciaAnim.cpp
gerenciaAnim.cpp(118): warning C4101: 'pAnim': unreferenced local variable
gerenciaAnim.cpp(131): warning C4101: 'pAnim': unreferenced local variable
gerenciaAnim.cpp(144): warning C4101: 'pAnim': unreferenced local variable
gerenciaAnim.cpp(157): warning C4101: 'pAnim': unreferenced local variable
gerenciaAnim.cpp(170): warning C4101: 'pAnim': unreferenced local variable
gerenciaAnim.cpp(183): warning C4101: 'pAnim': unreferenced local variable
gerenciaAnim.cpp(196): warning C4101: 'pAnim': unreferenced local variable
gerenciaAnim.cpp(259): warning C4101: 'pAnim': unreferenced local variable
gerenciaAnim.cpp(272): warning C4101: 'pAnim': unreferenced local variable
  gerenciadorBotoes.cpp
  Inimigo.cpp
  Jogador.cpp
  Compiling...
  Jogo.cpp
  Lanca.cpp
  ListaAnimacao.cpp
  ListaFases.cpp
  Mapa.cpp
  Menu.cpp
  MenuPause.cpp
  MenuPrincipal.cpp
  Mosquete.cpp
  Mosqueteiro.cpp
  Obstaculo.cpp
  Personagem.cpp
  Plataforma.cpp
  Projetil.cpp
  Rede.cpp
  Source.cpp
Espadachim.obj : error LNK2001: unresolved external symbol __imp__al_draw_rectangle
Espadachim.obj : error LNK2001: unresolved external symbol __imp__al_draw_filled_rectangle
Fase.obj : error LNK2001: unresolved external symbol __imp__al_init_image_addon
Fase.obj : error LNK2001: unresolved external symbol __imp__al_init_ttf_addon
Fase.obj : error LNK2001: unresolved external symbol __imp__al_load_ttf_font
Fase.obj : error LNK2001: unresolved external symbol __imp__al_init_primitives_addon
Fase1.obj : error LNK2001: unresolved external symbol __imp__al_destroy_font
F:\Projects\BRAS_INDIG\Release\BRAS_INDIG.exe : fatal error LNK1120: 7 unresolved externals
